#
# A fatal error has been detected by the Java Runtime Environment:
#
#  EXCEPTION_ACCESS_VIOLATION (0xc0000005) at pc=0x6d886277, pid=3428, tid=6628
#
# JRE version: 6.0_26-b03
# Java VM: Java HotSpot(TM) Client VM (20.1-b02 mixed mode, sharing windows-x86 )
# Problematic frame:
# V  [jvm.dll+0x96277]
#
# If you would like to submit a bug report, please visit:
#   http://java.sun.com/webapps/bugreport/crash.jsp
#

---------------  T H R E A D  ---------------

Current thread (0x0239e400):  JavaThread "main" [_thread_in_vm, id=6628, stack(0x02330000,0x02380000)]

siginfo: ExceptionCode=0xc0000005, reading address 0x00000000

Registers:
EAX=0x00000000, EBX=0x023be301, ECX=0x00000006, EDX=0x00000000
ESP=0x0237f5dc, EBP=0x0237f5e8, ESI=0x023be380, EDI=0x0239e400
EIP=0x6d886277, EFLAGS=0x00010202

Top of Stack: (sp=0x0237f5dc)
0x0237f5dc:   0237f670 00000000 023be380 0237f858
0x0237f5ec:   100042a8 0239e528 023be380 00000000
0x0237f5fc:   0237f610 0237f630 0237f634 00000020
0x0237f60c:   10004220 00000001 0239e400 0237f890
0x0237f61c:   0237f610 0239e400 0237fdd4 00000020
0x0237f62c:   1000420c ffffffff 0237f644 6d7f2b20
0x0237f63c:   0239e400 0239e400 0237f668 0237fdd4
0x0237f64c:   100041ee 00000006 00000004 0239e400 

Instructions: (pc=0x6d886277)
0x6d886257:   d7 07 00 33 ff eb 02 8b f9 6a 06 57 e8 e8 c8 f6
0x6d886267:   ff 8b 75 0c 83 c4 08 85 f6 b3 01 74 3e 8b 45 10
0x6d886277:   8b 00 50 32 db e8 df 51 f8 ff 83 c4 04 85 c0 74
0x6d886287:   2a 8b 0e 8b 49 04 8b 50 10 8b 34 0a 83 c1 08 3b 


Register to memory mapping:

EAX=0x00000000 is an unknown value
EBX=0x023be301 is an unknown value
ECX=0x00000006 is an unknown value
EDX=0x00000000 is an unknown value
ESP=0x0237f5dc is pointing into the stack for thread: 0x0239e400
EBP=0x0237f5e8 is pointing into the stack for thread: 0x0239e400
ESI=0x023be380 is an unknown value
EDI=0x0239e400 is a thread


Stack: [0x02330000,0x02380000],  sp=0x0237f5dc,  free space=317k
Native frames: (J=compiled Java code, j=interpreted, Vv=VM code, C=native code)
V  [jvm.dll+0x96277]
C  0x100042a8
C  0x10004d2e
J  com.sun.jna.Function.invokeInt(I[Ljava/lang/Object;)I
J  com.sun.jna.Function.invoke([Ljava/lang/Object;Ljava/lang/Class;Z)Ljava/lang/Object;
v  ~StubRoutines::call_stub
V  [jvm.dll+0xfae4b]
V  [jvm.dll+0x18c531]
V  [jvm.dll+0xfaecd]
V  [jvm.dll+0x95846]
V  [jvm.dll+0x9d683]
C  [javaw.exe+0x2155]
C  [javaw.exe+0x8644]
C  [kernel32.dll+0x13677]  BaseThreadInitThunk+0x12
C  [ntdll.dll+0x39f02]  RtlInitializeExceptionChain+0x63
C  [ntdll.dll+0x39ed5]  RtlInitializeExceptionChain+0x36

Java frames: (J=compiled Java code, j=interpreted, Vv=VM code)
J  com.sun.jna.Function.invokeInt(I[Ljava/lang/Object;)I
J  com.sun.jna.Function.invoke([Ljava/lang/Object;Ljava/lang/Class;Z)Ljava/lang/Object;
J  com.sun.jna.Function.invoke(Ljava/lang/Class;[Ljava/lang/Object;Ljava/util/Map;)Ljava/lang/Object;
J  com.sun.jna.Library$Handler.invoke(Ljava/lang/Object;Ljava/lang/reflect/Method;[Ljava/lang/Object;)Ljava/lang/Object;
J  $Proxy0.EE_EngineGetNextEvent(Lcom/sun/jna/Pointer;)I
J  EmoRecord.run()V
j  EmoRecord.main([Ljava/lang/String;)V+9
v  ~StubRoutines::call_stub

---------------  P R O C E S S  ---------------

Java Threads: ( => current thread )
  0x02407000 JavaThread "Thread-1" daemon [_thread_in_native, id=6900, stack(0x09bd0000,0x09c20000)]
  0x02405800 JavaThread "AWT-EventQueue-0" [_thread_blocked, id=5816, stack(0x082e0000,0x08330000)]
  0x02405000 JavaThread "AWT-Windows" daemon [_thread_in_native, id=5576, stack(0x04e40000,0x04e90000)]
  0x02404c00 JavaThread "AWT-Shutdown" [_thread_blocked, id=6988, stack(0x04db0000,0x04e00000)]
  0x02404400 JavaThread "Java2D Disposer" daemon [_thread_blocked, id=6812, stack(0x04c20000,0x04c70000)]
  0x02403c00 JavaThread "Low Memory Detector" daemon [_thread_blocked, id=7012, stack(0x049c0000,0x04a10000)]
  0x0240e800 JavaThread "C1 CompilerThread0" daemon [_thread_blocked, id=3684, stack(0x04930000,0x04980000)]
  0x02403800 JavaThread "Attach Listener" daemon [_thread_blocked, id=5908, stack(0x048a0000,0x048f0000)]
  0x02403000 JavaThread "Signal Dispatcher" daemon [_thread_blocked, id=4336, stack(0x04810000,0x04860000)]
  0x023fb000 JavaThread "Finalizer" daemon [_thread_blocked, id=3448, stack(0x04780000,0x047d0000)]
  0x023f9000 JavaThread "Reference Handler" daemon [_thread_blocked, id=6828, stack(0x046f0000,0x04740000)]
=>0x0239e400 JavaThread "main" [_thread_in_vm, id=6628, stack(0x02330000,0x02380000)]

Other Threads:
  0x023bcc00 VMThread [stack: 0x04660000,0x046b0000] [id=3368]
  0x0242e800 WatcherThread [stack: 0x04a50000,0x04aa0000] [id=3832]

VM state:not at safepoint (normal execution)

VM Mutex/Monitor currently owned by a thread: None

Heap
 def new generation   total 4928K, used 1336K [0x24580000, 0x24ad0000, 0x29ad0000)
  eden space 4416K,  30% used [0x24580000, 0x246ce0d8, 0x249d0000)
  from space 512K,   0% used [0x249d0000, 0x249d00c8, 0x24a50000)
  to   space 512K,   0% used [0x24a50000, 0x24a50000, 0x24ad0000)
 tenured generation   total 10944K, used 527K [0x29ad0000, 0x2a580000, 0x34580000)
   the space 10944K,   4% used [0x29ad0000, 0x29b53c38, 0x29b53e00, 0x2a580000)
 compacting perm gen  total 12288K, used 683K [0x34580000, 0x35180000, 0x38580000)
   the space 12288K,   5% used [0x34580000, 0x3462afe0, 0x3462b000, 0x35180000)
    ro space 10240K,  51% used [0x38580000, 0x38aadff8, 0x38aae000, 0x38f80000)
    rw space 12288K,  55% used [0x38f80000, 0x3961c208, 0x3961c400, 0x39b80000)

Code Cache  [0x024d0000, 0x025b8000, 0x044d0000)
 total_blobs=427 nmethods=225 adapters=138 free_code_cache=32617856 largest_free_block=0

Dynamic libraries:
0x00400000 - 0x00424000 	C:\Program Files (x86)\Java\jre6\bin\javaw.exe
0x77370000 - 0x774f0000 	C:\Windows\SysWOW64\ntdll.dll
0x75fd0000 - 0x760d0000 	C:\Windows\syswow64\kernel32.dll
0x76a10000 - 0x76a56000 	C:\Windows\syswow64\KERNELBASE.dll
0x76970000 - 0x76a10000 	C:\Windows\syswow64\ADVAPI32.dll
0x75eb0000 - 0x75f5c000 	C:\Windows\syswow64\msvcrt.dll
0x765a0000 - 0x765b9000 	C:\Windows\SysWOW64\sechost.dll
0x76780000 - 0x76870000 	C:\Windows\syswow64\RPCRT4.dll
0x74a70000 - 0x74ad0000 	C:\Windows\syswow64\SspiCli.dll
0x74a60000 - 0x74a6c000 	C:\Windows\syswow64\CRYPTBASE.dll
0x76870000 - 0x76970000 	C:\Windows\syswow64\USER32.dll
0x76300000 - 0x76390000 	C:\Windows\syswow64\GDI32.dll
0x75fc0000 - 0x75fca000 	C:\Windows\syswow64\LPK.dll
0x760d0000 - 0x7616d000 	C:\Windows\syswow64\USP10.dll
0x75f60000 - 0x75fc0000 	C:\Windows\system32\IMM32.DLL
0x76170000 - 0x7623c000 	C:\Windows\syswow64\MSCTF.dll
0x7c340000 - 0x7c396000 	C:\Program Files (x86)\Java\jre6\bin\msvcr71.dll
0x6d7f0000 - 0x6da9f000 	C:\Program Files (x86)\Java\jre6\bin\client\jvm.dll
0x72c80000 - 0x72cb2000 	C:\Windows\system32\WINMM.dll
0x700a0000 - 0x700eb000 	C:\Windows\system32\apphelp.dll
0x6d7a0000 - 0x6d7ac000 	C:\Program Files (x86)\Java\jre6\bin\verify.dll
0x6d320000 - 0x6d33f000 	C:\Program Files (x86)\Java\jre6\bin\java.dll
0x74b00000 - 0x74b05000 	C:\Windows\system32\PSAPI.DLL
0x6d7e0000 - 0x6d7ef000 	C:\Program Files (x86)\Java\jre6\bin\zip.dll
0x6d000000 - 0x6d14b000 	C:\Program Files (x86)\Java\jre6\bin\awt.dll
0x6fb20000 - 0x6fb71000 	C:\Windows\system32\WINSPOOL.DRV
0x75760000 - 0x758bc000 	C:\Windows\syswow64\ole32.dll
0x6edc0000 - 0x6ef5e000 	C:\Windows\WinSxS\x86_microsoft.windows.common-controls_6595b64144ccf1df_6.0.7600.16661_none_420fe3fa2b8113bd\COMCTL32.dll
0x75e50000 - 0x75ea7000 	C:\Windows\syswow64\SHLWAPI.dll
0x6ed30000 - 0x6edb4000 	C:\Windows\WinSxS\x86_microsoft.windows.common-controls_6595b64144ccf1df_5.82.7600.16661_none_ebfb56996c72aefc\comctl32.dll
0x6db20000 - 0x6db33000 	C:\Windows\system32\DWMAPI.DLL
0x6f910000 - 0x6f990000 	C:\Windows\system32\uxtheme.dll
0x6d230000 - 0x6d27f000 	C:\Program Files (x86)\Java\jre6\bin\fontmanager.dll
0x72d00000 - 0x72d09000 	C:\Windows\system32\VERSION.dll
0x669d0000 - 0x66a7c000 	C:\Windows\system32\aticfx32.dll
0x6c870000 - 0x6c87b000 	C:\Windows\system32\atiu9pag.dll
0x64260000 - 0x64688000 	C:\Windows\system32\atiumdag.dll
0x61240000 - 0x6161d000 	C:\Windows\system32\atiumdva.dll
0x74b10000 - 0x75759000 	C:\Windows\system32\shell32.dll
0x6d600000 - 0x6d613000 	C:\Program Files (x86)\Java\jre6\bin\net.dll
0x76240000 - 0x76275000 	C:\Windows\syswow64\WS2_32.dll
0x77340000 - 0x77346000 	C:\Windows\syswow64\NSI.dll
0x731c0000 - 0x731fc000 	C:\Windows\system32\mswsock.dll
0x72f10000 - 0x72f16000 	C:\Windows\System32\wship6.dll
0x6d620000 - 0x6d629000 	C:\Program Files (x86)\Java\jre6\bin\nio.dll
0x72fa0000 - 0x72fb6000 	C:\Windows\system32\CRYPTSP.dll
0x72ed0000 - 0x72f0b000 	C:\Windows\system32\rsaenh.dll
0x732d0000 - 0x732e7000 	C:\Windows\system32\USERENV.dll
0x732c0000 - 0x732cb000 	C:\Windows\system32\profapi.dll
0x70010000 - 0x70020000 	C:\Windows\system32\NLAapi.dll
0x730d0000 - 0x73114000 	C:\Windows\system32\DNSAPI.dll
0x70000000 - 0x70008000 	C:\Windows\System32\winrnr.dll
0x75bb0000 - 0x75c33000 	C:\Windows\syswow64\CLBCatQ.DLL
0x76390000 - 0x7641f000 	C:\Windows\syswow64\OLEAUT32.dll
0x6fff0000 - 0x70000000 	C:\Windows\system32\napinsp.dll
0x6ffd0000 - 0x6ffe2000 	C:\Windows\system32\pnrpnsp.dll
0x6ffc0000 - 0x6ffcd000 	C:\Windows\system32\wshbth.dll
0x72f70000 - 0x72f95000 	C:\Program Files (x86)\Bonjour\mdnsNSP.dll
0x732a0000 - 0x732bc000 	C:\Windows\system32\Iphlpapi.DLL
0x73290000 - 0x73297000 	C:\Windows\system32\WINNSI.DLL
0x72fc0000 - 0x72fc5000 	C:\Windows\System32\wshtcpip.dll
0x72f20000 - 0x72f26000 	C:\Windows\system32\rasadhlp.dll
0x72f30000 - 0x72f68000 	C:\Windows\System32\fwpuclnt.dll
0x09760000 - 0x09937000 	D:\My Dropbox\Programming\Java\Eclipse Workspace\EmoRecord\edk.dll
0x73010000 - 0x73097000 	C:\Windows\WinSxS\x86_microsoft.vc80.crt_1fc8b3b9a1e18e3b_8.0.50727.4927_none_d08a205e442db5b5\MSVCP80.dll
0x72e30000 - 0x72ecb000 	C:\Windows\WinSxS\x86_microsoft.vc80.crt_1fc8b3b9a1e18e3b_8.0.50727.4927_none_d08a205e442db5b5\MSVCR80.dll
0x758c0000 - 0x75a5d000 	C:\Windows\syswow64\SETUPAPI.dll
0x76420000 - 0x76447000 	C:\Windows\syswow64\CFGMGR32.dll
0x76580000 - 0x76592000 	C:\Windows\syswow64\DEVOBJ.dll
0x6db40000 - 0x6db49000 	C:\Windows\system32\HID.DLL
0x09940000 - 0x09b33000 	D:\My Dropbox\Programming\Java\Eclipse Workspace\EmoRecord\edk_utils.dll

VM Arguments:
jvm_args: -Dfile.encoding=Cp1252 
java_command: EmoRecord
Launcher Type: SUN_STANDARD

Environment Variables:
CLASSPATH=.;C:\Program Files (x86)\Java\jre6\lib\ext\QTJava.zip
PATH=C:/Program Files (x86)/Java/jre6/bin/client;C:/Program Files (x86)/Java/jre6/bin;C:/Program Files (x86)/Java/jre6/lib/i386;C:\Program Files (x86)\AMD APP\bin\x86_64;C:\Program Files (x86)\AMD APP\bin\x86;C:\Program Files (x86)\Haskell\bin;D:\Program Files\Haskell\2011.2.0.1\lib\extralibs\bin;D:\Program Files\Haskell\2011.2.0.1\bin;D:\Program Files\Komodo 5\;C:\Windows\system32;C:\Windows;C:\Windows\System32\Wbem;C:\Windows\System32\WindowsPowerShell\v1.0\;C:\Program Files (x86)\ATI Technologies\ATI.ACE\Core-Static;D:\Program Files\MATLAB\runtime\win64;D:\Program Files\MATLAB\bin;QUARTUS_ROOTDIR\bin;C:\Program Files (x86)\Microsoft SQL Server\100\Tools\Binn\;C:\Program Files\Microsoft SQL Server\100\Tools\Binn\;C:\Program Files\Microsoft SQL Server\100\DTS\Binn\;C:\Program Files (x86)\QuickTime\QTSystem\;C:\Program Files (x86)\Autodesk\Backburner\;C:\Users\Anthony\AppData\Roaming\cabal\bin;D:\Program Files\Latex\miKTeX\miktex\bin;C:\altera\91\modelsim_ase\win32aloem;C:\Program Files (x86)\eclipse;
USERNAME=Anthony
OS=Windows_NT
PROCESSOR_IDENTIFIER=AMD64 Family 16 Model 4 Stepping 3, AuthenticAMD



---------------  S Y S T E M  ---------------

OS: Windows 7 Build 7600 

CPU:total 4 (4 cores per cpu, 1 threads per core) family 16 model 4 stepping 3, cmov, cx8, fxsr, mmx, sse, sse2, sse3, popcnt, mmxext, 3dnow, 3dnowext, lzcnt, sse4a

Memory: 4k page, physical 4193464k(1526076k free), swap 8385028k(4873764k free)

vm_info: Java HotSpot(TM) Client VM (20.1-b02) for windows-x86 JRE (1.6.0_26-b03), built on May  4 2011 00:50:59 by "java_re" with MS VC++ 7.1 (VS2003)

time: Sun Aug 14 15:37:23 2011
elapsed time: 8 seconds

